<?xml version="1.0" encoding="UTF-8"?>
<testng-results ignored="0" total="1" passed="1" failed="0" skipped="0">
  <reporter-output>
  </reporter-output>
  <suite started-at="2025-03-05T17:49:43 IST" name="Default suite" finished-at="2025-03-05T17:49:50 IST" duration-ms="7608">
    <groups>
    </groups>
    <test started-at="2025-03-05T17:49:43 IST" name="Default test" finished-at="2025-03-05T17:49:50 IST" duration-ms="7608">
      <class name="TestNg.TestRegistrationAndLoginSuite">
        <test-method is-config="true" signature="setup()[pri:0, instance:TestNg.TestRegistrationAndLoginSuite@3754a4bf]" started-at="2025-03-05T17:49:43 IST" name="setup" finished-at="2025-03-05T17:49:45 IST" duration-ms="2816" status="PASS">
          <reporter-output>
          </reporter-output>
        </test-method> <!-- setup -->
        <test-method signature="registerUser()[pri:1, instance:TestNg.TestRegistrationAndLoginSuite@3754a4bf]" started-at="2025-03-05T17:49:45 IST" name="registerUser" finished-at="2025-03-05T17:49:50 IST" duration-ms="4646" status="PASS">
          <reporter-output>
          </reporter-output>
        </test-method> <!-- registerUser -->
        <test-method is-config="true" signature="tearDown()[pri:0, instance:TestNg.TestRegistrationAndLoginSuite@3754a4bf]" started-at="2025-03-05T17:49:50 IST" name="tearDown" finished-at="2025-03-05T17:49:50 IST" duration-ms="119" status="PASS">
          <reporter-output>
          </reporter-output>
        </test-method> <!-- tearDown -->
      </class> <!-- TestNg.TestRegistrationAndLoginSuite -->
    </test> <!-- Default test -->
  </suite> <!-- Default suite -->
</testng-results>
